d:\github\weizenbiergame\commontype\x64\debug\commontype.pch
d:\github\weizenbiergame\x64\debug\commontype.pdb
d:\github\weizenbiergame\x64\debug\commontype.idb
d:\github\weizenbiergame\commontype\x64\debug\pch.obj
d:\github\weizenbiergame\commontype\x64\debug\commontype.obj
d:\github\weizenbiergame\commontype\x64\debug\chat.pb.obj
d:\github\weizenbiergame\commontype\x64\debug\adapter.pb.obj
d:\github\weizenbiergame\commontype\chat.pb.h
d:\github\weizenbiergame\commontype\chat.pb.cc
d:\github\weizenbiergame\commontype\adapter.pb.h
d:\github\weizenbiergame\commontype\adapter.pb.cc
d:\github\weizenbiergame\x64\debug\commontype.lib
d:\github\weizenbiergame\commontype\x64\debug\commontype.tlog\cl.command.1.tlog
d:\github\weizenbiergame\commontype\x64\debug\commontype.tlog\cl.read.1.tlog
d:\github\weizenbiergame\commontype\x64\debug\commontype.tlog\cl.write.1.tlog
d:\github\weizenbiergame\commontype\x64\debug\commontype.tlog\custombuild.command.1.tlog
d:\github\weizenbiergame\commontype\x64\debug\commontype.tlog\custombuild.read.1.tlog
d:\github\weizenbiergame\commontype\x64\debug\commontype.tlog\custombuild.write.1.tlog
d:\github\weizenbiergame\commontype\x64\debug\commontype.tlog\lib-link.read.1.tlog
d:\github\weizenbiergame\commontype\x64\debug\commontype.tlog\lib-link.write.1.tlog
d:\github\weizenbiergame\commontype\x64\debug\commontype.tlog\lib.command.1.tlog
